This is XeTeX, Version 3.141592653-2.6-0.999993 (MiKTeX 21.6) (preloaded format=xelatex 2021.9.9)  16 OCT 2021 09:33
entering extended mode
**self study.tex
(C:\Users\ASUS\AppData\Local\Programs\MiKTeX\tex/latex/tools\x.tex
LaTeX2e <2021-06-01>
L3 programming layer <2021-06-01>
! .
l.38   \batchmode \errmessage{}
                               \csname @@end\endcsname \end
This error message was generated by an \errmessage
command, so I can't give any explicit help.
Pretend that you're Hercule Poirot: Examine all clues,
and deduce the truth by order and method.

 ) 
Here is how much of TeX's memory you used:
 18 strings out of 411271
 342 string characters out of 2829008
 302249 words of memory out of 3000000
 20556 multiletter control sequences out of 15000+600000
 403430 words of font info for 27 fonts, out of 8000000 for 9000
 1348 hyphenation exceptions out of 8191
 12i,0n,12p,94b,10s stack positions out of 5000i,500n,10000p,200000b,80000s

No pages of output.
